<?xml version="1.0" encoding="UTF-8"?>
<testng-results ignored="0" total="2" passed="2" failed="0" skipped="0">
  <reporter-output>
  </reporter-output>
  <suite started-at="2025-04-10T16:42:48 IST" name="Suite" finished-at="2025-04-10T16:43:19 IST" duration-ms="31080">
    <groups>
      <group name="Master">
        <method signature="TC1_AccountRegistrationTest.verify_AccountRegistration()[pri:0, instance:TestCases.TC1_AccountRegistrationTest@50d13246]" name="verify_AccountRegistration" class="TestCases.TC1_AccountRegistrationTest"/>
        <method signature="TC2_LoginTest.verify_Login()[pri:0, instance:TestCases.TC2_LoginTest@42b02722]" name="verify_Login" class="TestCases.TC2_LoginTest"/>
      </group> <!-- Master -->
      <group name="Sanity">
        <method signature="TC2_LoginTest.verify_Login()[pri:0, instance:TestCases.TC2_LoginTest@42b02722]" name="verify_Login" class="TestCases.TC2_LoginTest"/>
      </group> <!-- Sanity -->
      <group name="Regression">
        <method signature="TC1_AccountRegistrationTest.verify_AccountRegistration()[pri:0, instance:TestCases.TC1_AccountRegistrationTest@50d13246]" name="verify_AccountRegistration" class="TestCases.TC1_AccountRegistrationTest"/>
      </group> <!-- Regression -->
    </groups>
    <test started-at="2025-04-10T16:42:48 IST" name="Test" finished-at="2025-04-10T16:43:19 IST" duration-ms="31080">
      <class name="TestCases.TC1_AccountRegistrationTest">
        <test-method is-config="true" signature="setup(java.lang.String,java.lang.String)[pri:0, instance:TestCases.TC1_AccountRegistrationTest@50d13246]" started-at="2025-04-10T16:42:48 IST" name="setup" finished-at="2025-04-10T16:43:06 IST" duration-ms="17445" status="PASS">
          <params>
            <param index="0">
              <value>
                <![CDATA[Windows]]>
              </value>
            </param>
            <param index="1">
              <value>
                <![CDATA[Edge]]>
              </value>
            </param>
          </params>
          <reporter-output>
          </reporter-output>
        </test-method> <!-- setup -->
        <test-method signature="verify_AccountRegistration()[pri:0, instance:TestCases.TC1_AccountRegistrationTest@50d13246]" started-at="2025-04-10T16:43:06 IST" name="verify_AccountRegistration" finished-at="2025-04-10T16:43:09 IST" duration-ms="3286" status="PASS">
          <reporter-output>
          </reporter-output>
        </test-method> <!-- verify_AccountRegistration -->
        <test-method is-config="true" signature="teaeDown()[pri:0, instance:TestCases.TC1_AccountRegistrationTest@50d13246]" started-at="2025-04-10T16:43:09 IST" name="teaeDown" finished-at="2025-04-10T16:43:11 IST" duration-ms="1675" status="PASS">
          <reporter-output>
          </reporter-output>
        </test-method> <!-- teaeDown -->
      </class> <!-- TestCases.TC1_AccountRegistrationTest -->
      <class name="TestCases.TC2_LoginTest">
        <test-method is-config="true" signature="setup(java.lang.String,java.lang.String)[pri:0, instance:TestCases.TC2_LoginTest@42b02722]" started-at="2025-04-10T16:43:11 IST" name="setup" finished-at="2025-04-10T16:43:15 IST" duration-ms="4528" status="PASS">
          <params>
            <param index="0">
              <value>
                <![CDATA[Windows]]>
              </value>
            </param>
            <param index="1">
              <value>
                <![CDATA[Edge]]>
              </value>
            </param>
          </params>
          <reporter-output>
          </reporter-output>
        </test-method> <!-- setup -->
        <test-method signature="verify_Login()[pri:0, instance:TestCases.TC2_LoginTest@42b02722]" started-at="2025-04-10T16:43:15 IST" name="verify_Login" finished-at="2025-04-10T16:43:18 IST" duration-ms="2236" status="PASS">
          <reporter-output>
          </reporter-output>
        </test-method> <!-- verify_Login -->
        <test-method is-config="true" signature="teaeDown()[pri:0, instance:TestCases.TC2_LoginTest@42b02722]" started-at="2025-04-10T16:43:18 IST" name="teaeDown" finished-at="2025-04-10T16:43:19 IST" duration-ms="1492" status="PASS">
          <reporter-output>
          </reporter-output>
        </test-method> <!-- teaeDown -->
      </class> <!-- TestCases.TC2_LoginTest -->
    </test> <!-- Test -->
  </suite> <!-- Suite -->
</testng-results>
