<?xml version="1.0" encoding="UTF-8"?>
<testng-results ignored="0" total="2" passed="2" failed="0" skipped="0">
  <reporter-output>
  </reporter-output>
  <suite started-at="2025-04-11T15:04:05 IST" name="Suite" finished-at="2025-04-11T15:04:30 IST" duration-ms="24627">
    <groups>
      <group name="Master">
        <method signature="TC1_AccountRegistrationTest.verify_AccountRegistration()[pri:0, instance:TestCases.TC1_AccountRegistrationTest@59b38691]" name="verify_AccountRegistration" class="TestCases.TC1_AccountRegistrationTest"/>
        <method signature="TC2_LoginTest.verify_Login()[pri:0, instance:TestCases.TC2_LoginTest@17aad511]" name="verify_Login" class="TestCases.TC2_LoginTest"/>
      </group> <!-- Master -->
      <group name="Sanity">
        <method signature="TC2_LoginTest.verify_Login()[pri:0, instance:TestCases.TC2_LoginTest@17aad511]" name="verify_Login" class="TestCases.TC2_LoginTest"/>
      </group> <!-- Sanity -->
      <group name="Regression">
        <method signature="TC1_AccountRegistrationTest.verify_AccountRegistration()[pri:0, instance:TestCases.TC1_AccountRegistrationTest@59b38691]" name="verify_AccountRegistration" class="TestCases.TC1_AccountRegistrationTest"/>
      </group> <!-- Regression -->
    </groups>
    <test started-at="2025-04-11T15:04:05 IST" name="linux-chrome Test" finished-at="2025-04-11T15:04:30 IST" duration-ms="24627">
      <class name="TestCases.TC1_AccountRegistrationTest">
        <test-method is-config="true" signature="setup(java.lang.String,java.lang.String)[pri:0, instance:TestCases.TC1_AccountRegistrationTest@59b38691]" started-at="2025-04-11T15:04:05 IST" name="setup" finished-at="2025-04-11T15:04:19 IST" duration-ms="13299" status="PASS">
          <params>
            <param index="0">
              <value>
                <![CDATA[Linux]]>
              </value>
            </param>
            <param index="1">
              <value>
                <![CDATA[Chrome]]>
              </value>
            </param>
          </params>
          <reporter-output>
          </reporter-output>
        </test-method> <!-- setup -->
        <test-method signature="verify_AccountRegistration()[pri:0, instance:TestCases.TC1_AccountRegistrationTest@59b38691]" started-at="2025-04-11T15:04:19 IST" name="verify_AccountRegistration" finished-at="2025-04-11T15:04:22 IST" duration-ms="3674" status="PASS">
          <reporter-output>
          </reporter-output>
        </test-method> <!-- verify_AccountRegistration -->
        <test-method is-config="true" signature="teaeDown()[pri:0, instance:TestCases.TC1_AccountRegistrationTest@59b38691]" started-at="2025-04-11T15:04:22 IST" name="teaeDown" finished-at="2025-04-11T15:04:23 IST" duration-ms="437" status="PASS">
          <reporter-output>
          </reporter-output>
        </test-method> <!-- teaeDown -->
      </class> <!-- TestCases.TC1_AccountRegistrationTest -->
      <class name="TestCases.TC2_LoginTest">
        <test-method is-config="true" signature="setup(java.lang.String,java.lang.String)[pri:0, instance:TestCases.TC2_LoginTest@17aad511]" started-at="2025-04-11T15:04:23 IST" name="setup" finished-at="2025-04-11T15:04:27 IST" duration-ms="3889" status="PASS">
          <params>
            <param index="0">
              <value>
                <![CDATA[Linux]]>
              </value>
            </param>
            <param index="1">
              <value>
                <![CDATA[Chrome]]>
              </value>
            </param>
          </params>
          <reporter-output>
          </reporter-output>
        </test-method> <!-- setup -->
        <test-method signature="verify_Login()[pri:0, instance:TestCases.TC2_LoginTest@17aad511]" started-at="2025-04-11T15:04:27 IST" name="verify_Login" finished-at="2025-04-11T15:04:29 IST" duration-ms="2451" status="PASS">
          <reporter-output>
          </reporter-output>
        </test-method> <!-- verify_Login -->
        <test-method is-config="true" signature="teaeDown()[pri:0, instance:TestCases.TC2_LoginTest@17aad511]" started-at="2025-04-11T15:04:29 IST" name="teaeDown" finished-at="2025-04-11T15:04:30 IST" duration-ms="354" status="PASS">
          <reporter-output>
          </reporter-output>
        </test-method> <!-- teaeDown -->
      </class> <!-- TestCases.TC2_LoginTest -->
    </test> <!-- linux-chrome Test -->
  </suite> <!-- Suite -->
</testng-results>
